C51 COMPILER V9.59.0.0   IIC                                                               04/12/2025 16:46:28 PAGE 1   


C51 COMPILER V9.59.0.0, COMPILATION OF MODULE IIC
OBJECT MODULE PLACED IN .\Objects\iic.obj
COMPILER INVOKED BY: D:\Desktop\LanqiaoCup\DP2025_SCM\Tools\KeilC51\C51\BIN\C51.EXE ..\Driver\iic.c OPTIMIZE(8,SPEED) BR
                    -OWSE INCDIR(..\Driver) DEBUG OBJECTEXTEND PRINT(.\Listings\iic.lst) OBJECT(.\Objects\iic.obj)

line level    source

   1          /*      #   I2Cä»£ç ç‰‡æ®µè¯´æ˜
   2                  1.      æœ¬æ–‡ä»¶å¤¹ä¸­æä¾›çš„é©±åŠ¨ä»£ç ä¾›å‚èµ›é€‰æ‰‹å®Œæˆç¨‹åºè®¾è®¡å‚è€ƒã€‚
   3                  2.      å‚èµ›é€‰æ‰‹å¯ä»¥è‡ªè¡Œç¼–å†™ç›¸å…³ä»£ç æˆ–ä»¥è¯¥ä»£ç ä¸ºåŸºç¡€ï¼Œæ ¹æ®æ‰€é€‰å•ç‰‡æœºç±»å‹ã€è¿
             -è¡Œé€Ÿåº¦å’Œè¯•é¢˜
   4                          ä¸­å¯¹å•ç‰‡æœºæ—¶é’Ÿé¢‘ç‡çš„è¦æ±‚ï¼Œè¿›è¡Œä»£ç è°ƒè¯•å’Œä¿®æ”¹ã€‚
   5          */
   6          #include <STC15F2K60S2.H>
   7          #include "intrins.h"
   8          #include "iic.h"
   9          
  10          #define DELAY_TIME      10
  11          sbit sda=P2^1;
  12          sbit scl=P2^0;
  13          //
  14          static void I2C_Delay(unsigned char n)
  15          {
  16   1          do
  17   1          {
  18   2              _nop_();_nop_();_nop_();_nop_();_nop_();
  19   2              _nop_();_nop_();_nop_();_nop_();_nop_();
  20   2              _nop_();_nop_();_nop_();_nop_();_nop_();                
  21   2          }
  22   1          while(n--);         
  23   1      }
  24          
  25          //
  26          void I2CStart(void)
  27          {
  28   1          sda = 1;
  29   1          scl = 1;
  30   1              I2C_Delay(DELAY_TIME);
  31   1          sda = 0;
  32   1              I2C_Delay(DELAY_TIME);
  33   1          scl = 0;    
  34   1      }
  35          
  36          //
  37          void I2CStop(void)
  38          {
  39   1          sda = 0;
  40   1          scl = 1;
  41   1              I2C_Delay(DELAY_TIME);
  42   1          sda = 1;
  43   1              I2C_Delay(DELAY_TIME);
  44   1      }
  45          
  46          //
  47          void I2CSendByte(unsigned char byt)
  48          {
  49   1          unsigned char i;
  50   1              
  51   1          for(i=0; i<8; i++){
  52   2              scl = 0;
  53   2                      I2C_Delay(DELAY_TIME);
C51 COMPILER V9.59.0.0   IIC                                                               04/12/2025 16:46:28 PAGE 2   

  54   2              if(byt & 0x80){
  55   3                  sda = 1;
  56   3              }
  57   2              else{
  58   3                  sda = 0;
  59   3              }
  60   2                      I2C_Delay(DELAY_TIME);
  61   2              scl = 1;
  62   2              byt <<= 1;
  63   2                      I2C_Delay(DELAY_TIME);
  64   2          }
  65   1              
  66   1          scl = 0;  
  67   1      }
  68          
  69          //
  70          unsigned char I2CReceiveByte(void)
  71          {
  72   1              unsigned char da;
  73   1              unsigned char i;
  74   1              for(i=0;i<8;i++){   
  75   2                      scl = 1;
  76   2                      I2C_Delay(DELAY_TIME);
  77   2                      da <<= 1;
  78   2                      if(sda) 
  79   2                              da |= 0x01;
  80   2                      scl = 0;
  81   2                      I2C_Delay(DELAY_TIME);
  82   2              }
  83   1              return da;    
  84   1      }
  85          
  86          //
  87          unsigned char I2CWaitAck(void)
  88          {
  89   1              unsigned char ackbit;
  90   1              
  91   1          scl = 1;
  92   1              I2C_Delay(DELAY_TIME);
  93   1          ackbit = sda; 
  94   1          scl = 0;
  95   1              I2C_Delay(DELAY_TIME);
  96   1              
  97   1              return ackbit;
  98   1      }
  99          
 100          //
 101          void I2CSendAck(unsigned char ackbit)
 102          {
 103   1          scl = 0;
 104   1          sda = ackbit; 
 105   1              I2C_Delay(DELAY_TIME);
 106   1          scl = 1;
 107   1              I2C_Delay(DELAY_TIME);
 108   1          scl = 0; 
 109   1              sda = 1;
 110   1              I2C_Delay(DELAY_TIME);
 111   1      }
 112          
 113          unsigned char EEPROM_Read(unsigned char* str,unsigned char add,unsigned char num)
 114          {
 115   1              unsigned char i;
C51 COMPILER V9.59.0.0   IIC                                                               04/12/2025 16:46:28 PAGE 3   

 116   1              I2CStart();
 117   1              I2CSendByte(0xA0);
 118   1              I2CWaitAck();
 119   1              I2CSendByte(add);
 120   1              I2CWaitAck();
 121   1              
 122   1              I2CStart();
 123   1              I2CSendByte(0xA1);
 124   1              I2CWaitAck();
 125   1              for(i=0;i<num;i++)
 126   1              {
 127   2                      str[i]=I2CReceiveByte();
 128   2                      if(i+1==num)
 129   2                              I2CSendAck(1);
 130   2                      else
 131   2                              I2CSendAck(0);
 132   2              }
 133   1              I2CStop();
 134   1      }
*** WARNING C173 IN LINE 134 OF ..\Driver\iic.c: missing return-expression
 135          
 136          void EEPROM_Write(unsigned char* str,unsigned char add,unsigned char num)
 137          {
 138   1              unsigned char i;
 139   1              I2CStart();
 140   1              I2CSendByte(0xA0);
 141   1              I2CWaitAck();
 142   1              I2CSendByte(add);
 143   1              I2CWaitAck();
 144   1              for(i=0;i<num;i++)
 145   1              {
 146   2                      I2CSendByte(str[i]);
 147   2                      I2CWaitAck();
 148   2                      I2C_Delay(200);
 149   2              }
 150   1              I2CStop();
 151   1      }
*** WARNING C290 IN LINE 134 OF ..\Driver\iic.c: missing return value


MODULE INFORMATION:   STATIC OVERLAYABLE
   CODE SIZE        =    340    ----
   CONSTANT SIZE    =   ----    ----
   XDATA SIZE       =   ----    ----
   PDATA SIZE       =   ----    ----
   DATA SIZE        =   ----      12
   IDATA SIZE       =   ----    ----
   BIT SIZE         =   ----    ----
END OF MODULE INFORMATION.


C51 COMPILATION COMPLETE.  2 WARNING(S),  0 ERROR(S)
