C51 COMPILER V9.59.0.0   INIT                                                              04/12/2025 16:46:28 PAGE 1   


C51 COMPILER V9.59.0.0, COMPILATION OF MODULE INIT
OBJECT MODULE PLACED IN .\Objects\init.obj
COMPILER INVOKED BY: D:\Desktop\LanqiaoCup\DP2025_SCM\Tools\KeilC51\C51\BIN\C51.EXE ..\Driver\init.c OPTIMIZE(8,SPEED) B
                    -ROWSE INCDIR(..\Driver) DEBUG OBJECTEXTEND PRINT(.\Listings\init.lst) OBJECT(.\Objects\init.obj)

line level    source

   1          #include <STC15F2K60S2.H>
   2          
   3          void System_init()
   4          {
   5   1              P0=0xFF;
   6   1              P2 &= 0x1F;
   7   1              P2 |= 0x80;
   8   1              P2 &= 0x1F;
   9   1              
  10   1              P0=0x00;
  11   1              P2 &= 0x1F;
  12   1              P2 |= 0xA0;
  13   1              P2 &= 0x1F;
  14   1      }
  15          
  16          void Timer0_Init(void)          //1毫秒@12.000MHz
  17          {
  18   1              AUXR &= 0x7F;                   //定时器时钟12T模式
  19   1              TMOD &= 0xF0;                   //设置定时器模式
  20   1              TL0 = 0x18;                             //设置定时初始值
  21   1              TH0 = 0xFC;                             //设置定时初始值
  22   1              TF0 = 0;                                //清除TF0标志
  23   1              TR0 = 1;                                //定时器0开始计时
  24   1              EA=1;
  25   1              ET0=1;
  26   1      }


MODULE INFORMATION:   STATIC OVERLAYABLE
   CODE SIZE        =     46    ----
   CONSTANT SIZE    =   ----    ----
   XDATA SIZE       =   ----    ----
   PDATA SIZE       =   ----    ----
   DATA SIZE        =   ----    ----
   IDATA SIZE       =   ----    ----
   BIT SIZE         =   ----    ----
END OF MODULE INFORMATION.


C51 COMPILATION COMPLETE.  0 WARNING(S),  0 ERROR(S)
