C51 COMPILER V9.59.0.0   KEY                                                               04/12/2025 16:46:28 PAGE 1   


C51 COMPILER V9.59.0.0, COMPILATION OF MODULE KEY
OBJECT MODULE PLACED IN .\Objects\Key.obj
COMPILER INVOKED BY: D:\Desktop\LanqiaoCup\DP2025_SCM\Tools\KeilC51\C51\BIN\C51.EXE ..\Driver\Key.c OPTIMIZE(8,SPEED) BR
                    -OWSE INCDIR(..\Driver) DEBUG OBJECTEXTEND PRINT(.\Listings\Key.lst) OBJECT(.\Objects\Key.obj)

line level    source

   1          #include <STC15F2K60S2.H>
   2          #include "Key.h"
   3          
   4          unsigned char get_key()
   5          {
   6   1              P44=0;
   7   1              P42=1;
   8   1              P35=1;
   9   1              P34=1;
  10   1              if(P33==0)return 4;
  11   1              if(P32==0)return 5;
  12   1              if(P31==0)return 6;
  13   1              if(P30==0)return 7;
  14   1              
  15   1              P44=1;
  16   1              P42=0;
  17   1              P35=1;
  18   1              P34=1;
  19   1              if(P33==0)return 8;
  20   1              if(P32==0)return 9;
  21   1              if(P31==0)return 10;
  22   1              if(P30==0)return 11;
  23   1              
  24   1              P44=1;
  25   1              P42=1;
  26   1              P35=0;
  27   1              P34=1;
  28   1              if(P33==0)return 12;
  29   1              if(P32==0)return 13;
  30   1              if(P31==0)return 14;
  31   1              if(P30==0)return 15;
  32   1              
  33   1              P44=1;
  34   1              P42=1;
  35   1              P35=1;
  36   1              P34=0;
  37   1              if(P33==0)return 16;
  38   1              if(P32==0)return 17;
  39   1              if(P31==0)return 18;
  40   1              if(P30==0)return 19;
  41   1              return 0;
  42   1      }


MODULE INFORMATION:   STATIC OVERLAYABLE
   CODE SIZE        =    131    ----
   CONSTANT SIZE    =   ----    ----
   XDATA SIZE       =   ----    ----
   PDATA SIZE       =   ----    ----
   DATA SIZE        =   ----    ----
   IDATA SIZE       =   ----    ----
   BIT SIZE         =   ----    ----
END OF MODULE INFORMATION.


C51 COMPILATION COMPLETE.  0 WARNING(S),  0 ERROR(S)
