C51 COMPILER V9.59.0.0   MAIN                                                              04/12/2025 19:34:01 PAGE 1   


C51 COMPILER V9.59.0.0, COMPILATION OF MODULE MAIN
OBJECT MODULE PLACED IN .\Objects\main.obj
COMPILER INVOKED BY: D:\Desktop\LanqiaoCup\DP2025_SCM\Tools\KeilC51\C51\BIN\C51.EXE main.c OPTIMIZE(8,SPEED) BROWSE INCD
                    -IR(..\Driver) DEBUG OBJECTEXTEND PRINT(.\Listings\main.lst) OBJECT(.\Objects\main.obj)

line level    source

   1          #include <STC15F2K60S2.H>
   2          #include "iic.h"
   3          #include "Key.h"
   4          #include "init.h"
   5          #include "Uart.h"
   6          
   7          unsigned char Key_counter=0;
   8          unsigned char Key_value=0,last_key=0;
   9          unsigned char Key_up,Key_down;
  10          unsigned char counts=0;
  11          unsigned char Uart_Rec[10];
  12          unsigned char Uart_Rec_index=0;
  13          
  14          void Key_proc()
  15          {
  16   1              if(Key_counter>=5)
  17   1              {
  18   2                      Key_counter=0;
  19   2                      Key_value=get_key();
  20   2                      Key_down=Key_value & (Key_value^last_key);
  21   2                      Key_up=(~Key_value) & (Key_value^last_key);
  22   2                      last_key=Key_value;
  23   2              }
  24   1      }
  25          
  26          void Other_proc()
  27          {
  28   1              if(Key_down==4)
  29   1              {
  30   2                      Uart1_Init();
  31   2                      Uart_Send_str("Number:");
  32   2                      Uart_Send_byte(counts+'0');
  33   2              }
  34   1      }
  35          
  36          void Timer0_Routine() interrupt 1
  37          {
  38   1              Key_counter++;
  39   1      }
  40          
  41          void Uartq_Rountine() interrupt 4
  42          {
  43   1              if(RI==1)
  44   1              {
  45   2                      Uart_Rec[Uart_Rec_index]=SBUF;
  46   2                      Uart_Rec_index++;
  47   2                      if(Uart_Rec[Uart_Rec_index]=='\0')
  48   2                              Uart_Rec_index=0;
  49   2                      RI=0;
  50   2              }
  51   1      }
  52          
  53          void main()
  54          {
C51 COMPILER V9.59.0.0   MAIN                                                              04/12/2025 19:34:01 PAGE 2   

  55   1              System_init();
  56   1              Timer0_Init();
  57   1              EEPROM_Read(&counts,0,1);
  58   1              counts++;
  59   1              EEPROM_Write(&counts,0,1);
  60   1              
  61   1              while(1)
  62   1              {
  63   2                      Key_proc();
  64   2                      Other_proc();
  65   2              }
  66   1      }


MODULE INFORMATION:   STATIC OVERLAYABLE
   CODE SIZE        =    152    ----
   CONSTANT SIZE    =      8    ----
   XDATA SIZE       =   ----    ----
   PDATA SIZE       =   ----    ----
   DATA SIZE        =     17    ----
   IDATA SIZE       =   ----    ----
   BIT SIZE         =   ----    ----
END OF MODULE INFORMATION.


C51 COMPILATION COMPLETE.  0 WARNING(S),  0 ERROR(S)
