C51 COMPILER V9.59.0.0   MAIN                                                              04/10/2025 11:38:54 PAGE 1   


C51 COMPILER V9.59.0.0, COMPILATION OF MODULE MAIN
OBJECT MODULE PLACED IN .\Objects\main.obj
COMPILER INVOKED BY: D:\Desktop\LanqiaoCup\DP2025_SCM\Tools\KeilC51\C51\BIN\C51.EXE main.c OPTIMIZE(8,SPEED) BROWSE INCD
                    -IR(..\Driver) DEBUG OBJECTEXTEND PRINT(.\Listings\main.lst) OBJECT(.\Objects\main.obj)

line level    source

   1          #include <STC15F2K60S2.H>
   2          #include "onewire.h"
   3          #include "Init.h"
   4          #include "Seg.h"
   5          #include "intrins.h"
   6          
   7          unsigned char display_table[]={10,10,10,10,10,10,10,10};
   8          unsigned char Seg_index=0;
   9          unsigned char Seg_counter=0;
  10          unsigned int DS18B20_counter=0;
  11          float temperature;
  12          unsigned char present_temp,low_temp,high_temp;
  13          
  14          void Delay750ms(void)   //@12.000MHz
  15          {
  16   1              unsigned char data i, j, k;
  17   1      
  18   1              _nop_();
  19   1              _nop_();
  20   1              i = 35;
  21   1              j = 51;
  22   1              k = 182;
  23   1              do
  24   1              {
  25   2                      do
  26   2                      {
  27   3                              while (--k);
  28   3                      } while (--j);
  29   2              } while (--i);
  30   1      }
  31          
  32          void Seg_proc()
  33          {
  34   1              if(Seg_counter>=2)
  35   1              {
  36   2                      Seg_counter=0;
  37   2                      Seg_index++;
  38   2                      if(Seg_index==8)
  39   2                              Seg_index=0;
  40   2                      Seg_show(Seg_index,display_table[Seg_index]);
  41   2              }
  42   1      }
  43          
  44          void Other_proc()
  45          {
  46   1              if(DS18B20_counter>=750)
  47   1              {
  48   2                      DS18B20_counter=0;
  49   2                      temperature=get_temperature();
  50   2                      present_temp=(unsigned char)temperature;
  51   2                      if(present_temp<low_temp)
  52   2                              low_temp=present_temp;
  53   2                      if(present_temp>high_temp)
  54   2                              high_temp=present_temp;
C51 COMPILER V9.59.0.0   MAIN                                                              04/10/2025 11:38:54 PAGE 2   

  55   2                      display_table[0]=present_temp/10;
  56   2                      display_table[1]=present_temp%10;
  57   2                      display_table[3]=low_temp/10;
  58   2                      display_table[4]=low_temp%10;
  59   2                      display_table[6]=high_temp/10;
  60   2                      display_table[7]=high_temp%10;
  61   2              }
  62   1      }
  63          
  64          void Timer0_Routine() interrupt 1
  65          {
  66   1              Seg_counter++;
  67   1              DS18B20_counter++;
  68   1      }
  69          
  70          void main()
  71          {
  72   1              System_init();
  73   1              Timer0_Init();
  74   1              get_temperature();
  75   1              Delay750ms();
  76   1              Other_proc();
  77   1              low_temp=present_temp;
  78   1              high_temp=present_temp;
  79   1              while(1)
  80   1              {
  81   2                      Seg_proc();
  82   2                      Other_proc();
  83   2              }
  84   1      }


MODULE INFORMATION:   STATIC OVERLAYABLE
   CODE SIZE        =    200    ----
   CONSTANT SIZE    =   ----    ----
   XDATA SIZE       =   ----    ----
   PDATA SIZE       =   ----    ----
   DATA SIZE        =     19    ----
   IDATA SIZE       =   ----    ----
   BIT SIZE         =   ----    ----
END OF MODULE INFORMATION.


C51 COMPILATION COMPLETE.  0 WARNING(S),  0 ERROR(S)
