C51 COMPILER V9.59.0.0   IIC                                                               04/13/2025 12:47:47 PAGE 1   


C51 COMPILER V9.59.0.0, COMPILATION OF MODULE IIC
OBJECT MODULE PLACED IN .\Objects\iic.obj
COMPILER INVOKED BY: D:\Desktop\LanqiaoCup\DP2025_SCM\Tools\KeilC51\C51\BIN\C51.EXE ..\Driver\iic.c OPTIMIZE(8,SPEED) BR
                    -OWSE INCDIR(..\Driver) DEBUG OBJECTEXTEND PRINT(.\Listings\iic.lst) OBJECT(.\Objects\iic.obj)

line level    source

   1          /*      #   I2Cä»£ç ç‰‡æ®µè¯´æ˜
   2                  1.      æœ¬æ–‡ä»¶å¤¹ä¸­æä¾›çš„é©±åŠ¨ä»£ç ä¾›å‚èµ›é€‰æ‰‹å®Œæˆç¨‹åºè®¾è®¡å‚è€ƒã€‚
   3                  2.      å‚èµ›é€‰æ‰‹å¯ä»¥è‡ªè¡Œç¼–å†™ç›¸å…³ä»£ç æˆ–ä»¥è¯¥ä»£ç ä¸ºåŸºç¡€ï¼Œæ ¹æ®æ‰€é€‰å•ç‰‡æœºç±»å‹ã€è¿
             -è¡Œé€Ÿåº¦å’Œè¯•é¢˜
   4                          ä¸­å¯¹å•ç‰‡æœºæ—¶é’Ÿé¢‘ç‡çš„è¦æ±‚ï¼Œè¿›è¡Œä»£ç è°ƒè¯•å’Œä¿®æ”¹ã€‚
   5          */
   6          
   7          #define DELAY_TIME      10
   8          #include <STC15F2K60S2.H>
   9          #include "iic.h"
  10          #include "intrins.h"
  11          
  12          sbit sda=P2^1;
  13          sbit scl=P2^0;
  14          
  15          //
  16          static void I2C_Delay(unsigned char n)
  17          {
  18   1          do
  19   1          {
  20   2              _nop_();_nop_();_nop_();_nop_();_nop_();
  21   2              _nop_();_nop_();_nop_();_nop_();_nop_();
  22   2              _nop_();_nop_();_nop_();_nop_();_nop_();                
  23   2          }
  24   1          while(n--);         
  25   1      }
  26          
  27          //
  28          void I2CStart(void)
  29          {
  30   1          sda = 1;
  31   1          scl = 1;
  32   1              I2C_Delay(DELAY_TIME);
  33   1          sda = 0;
  34   1              I2C_Delay(DELAY_TIME);
  35   1          scl = 0;    
  36   1      }
  37          
  38          //
  39          void I2CStop(void)
  40          {
  41   1          sda = 0;
  42   1          scl = 1;
  43   1              I2C_Delay(DELAY_TIME);
  44   1          sda = 1;
  45   1              I2C_Delay(DELAY_TIME);
  46   1      }
  47          
  48          //
  49          void I2CSendByte(unsigned char byt)
  50          {
  51   1          unsigned char i;
  52   1              
  53   1          for(i=0; i<8; i++){
C51 COMPILER V9.59.0.0   IIC                                                               04/13/2025 12:47:47 PAGE 2   

  54   2              scl = 0;
  55   2                      I2C_Delay(DELAY_TIME);
  56   2              if(byt & 0x80){
  57   3                  sda = 1;
  58   3              }
  59   2              else{
  60   3                  sda = 0;
  61   3              }
  62   2                      I2C_Delay(DELAY_TIME);
  63   2              scl = 1;
  64   2              byt <<= 1;
  65   2                      I2C_Delay(DELAY_TIME);
  66   2          }
  67   1              
  68   1          scl = 0;  
  69   1      }
  70          
  71          //
  72          unsigned char I2CReceiveByte(void)
  73          {
  74   1              unsigned char da;
  75   1              unsigned char i;
  76   1              for(i=0;i<8;i++){   
  77   2                      scl = 1;
  78   2                      I2C_Delay(DELAY_TIME);
  79   2                      da <<= 1;
  80   2                      if(sda) 
  81   2                              da |= 0x01;
  82   2                      scl = 0;
  83   2                      I2C_Delay(DELAY_TIME);
  84   2              }
  85   1              return da;    
  86   1      }
  87          
  88          //
  89          unsigned char I2CWaitAck(void)
  90          {
  91   1              unsigned char ackbit;
  92   1              
  93   1          scl = 1;
  94   1              I2C_Delay(DELAY_TIME);
  95   1          ackbit = sda; 
  96   1          scl = 0;
  97   1              I2C_Delay(DELAY_TIME);
  98   1              
  99   1              return ackbit;
 100   1      }
 101          
 102          //
 103          void I2CSendAck(unsigned char ackbit)
 104          {
 105   1          scl = 0;
 106   1          sda = ackbit; 
 107   1              I2C_Delay(DELAY_TIME);
 108   1          scl = 1;
 109   1              I2C_Delay(DELAY_TIME);
 110   1          scl = 0; 
 111   1              sda = 1;
 112   1              I2C_Delay(DELAY_TIME);
 113   1      }
 114          
 115          unsigned char AD_read(unsigned char add)
C51 COMPILER V9.59.0.0   IIC                                                               04/13/2025 12:47:47 PAGE 3   

 116          {
 117   1              unsigned char result;
 118   1              I2CStart();
 119   1              I2CSendByte(0x90);
 120   1              I2CWaitAck();
 121   1              I2CSendByte(add);
 122   1              I2CWaitAck();
 123   1              
 124   1              I2CStart();
 125   1              I2CSendByte(0x91);
 126   1              I2CWaitAck();
 127   1              
 128   1              result=I2CReceiveByte();
 129   1              I2CSendAck(1);//åœæ­¢
 130   1              I2CStop();
 131   1              return result;
 132   1      }


MODULE INFORMATION:   STATIC OVERLAYABLE
   CODE SIZE        =    231    ----
   CONSTANT SIZE    =   ----    ----
   XDATA SIZE       =   ----    ----
   PDATA SIZE       =   ----    ----
   DATA SIZE        =   ----    ----
   IDATA SIZE       =   ----    ----
   BIT SIZE         =   ----    ----
END OF MODULE INFORMATION.


C51 COMPILATION COMPLETE.  0 WARNING(S),  0 ERROR(S)
