C51 COMPILER V9.59.0.0   KEY                                                               04/13/2025 12:47:46 PAGE 1   


C51 COMPILER V9.59.0.0, COMPILATION OF MODULE KEY
OBJECT MODULE PLACED IN .\Objects\Key.obj
COMPILER INVOKED BY: D:\Desktop\LanqiaoCup\DP2025_SCM\Tools\KeilC51\C51\BIN\C51.EXE ..\Driver\Key.c OPTIMIZE(8,SPEED) BR
                    -OWSE INCDIR(..\Driver) DEBUG OBJECTEXTEND PRINT(.\Listings\Key.lst) OBJECT(.\Objects\Key.obj)

line level    source

   1          #include <STC15F2K60S2.H>
   2          #include "Key.h"
   3          
   4          unsigned char get_key()
   5          {
   6   1              P44=0;P42=1;P35=1;P34=1;
   7   1              if(P33==0)return 4;
   8   1              if(P32==0)return 5;
   9   1              if(P31==0)return 6;
  10   1              if(P30==0)return 7;
  11   1              
  12   1              P44=1;P42=0;P35=1;P34=1;
  13   1              if(P33==P32 && P33==0)return 20;
  14   1              if(P33==0)return 8;
  15   1              if(P32==0)return 9;
  16   1              if(P31==0)return 10;
  17   1              if(P30==0)return 11;
  18   1              
  19   1              P44=1;P42=1;P35=0;P34=1;
  20   1              if(P33==0)return 12;
  21   1              if(P32==0)return 13;
  22   1              if(P31==0)return 14;
  23   1              if(P30==0)return 15;
  24   1              
  25   1              P44=1;P42=1;P35=1;P34=0;
  26   1              if(P33==0)return 16;
  27   1              if(P32==0)return 17;
  28   1              if(P31==0)return 18;
  29   1              if(P30==0)return 19;
  30   1              return 0;
  31   1      }


MODULE INFORMATION:   STATIC OVERLAYABLE
   CODE SIZE        =    145    ----
   CONSTANT SIZE    =   ----    ----
   XDATA SIZE       =   ----    ----
   PDATA SIZE       =   ----    ----
   DATA SIZE        =   ----    ----
   IDATA SIZE       =   ----    ----
   BIT SIZE         =   ----    ----
END OF MODULE INFORMATION.


C51 COMPILATION COMPLETE.  0 WARNING(S),  0 ERROR(S)
