C51 COMPILER V9.59.0.0   RELAY                                                             04/13/2025 12:47:47 PAGE 1   


C51 COMPILER V9.59.0.0, COMPILATION OF MODULE RELAY
OBJECT MODULE PLACED IN .\Objects\Relay.obj
COMPILER INVOKED BY: D:\Desktop\LanqiaoCup\DP2025_SCM\Tools\KeilC51\C51\BIN\C51.EXE ..\Driver\Relay.c OPTIMIZE(8,SPEED) 
                    -BROWSE INCDIR(..\Driver) DEBUG OBJECTEXTEND PRINT(.\Listings\Relay.lst) OBJECT(.\Objects\Relay.obj)

line level    source

   1          #include <STC15F2K60S2.H>
   2          #include "Relay.h"
   3          
   4          bit last_relay=0;
   5          
   6          void Relay_control(bit enable)//0断开，1吸合
   7          {
   8   1              unsigned char temp;
   9   1              if(enable==1)
  10   1              {
  11   2                      temp=0x10;
  12   2              }
  13   1              else
  14   1                      temp=0x00;
  15   1              if(last_relay!=enable)
  16   1              {
  17   2                      P0=temp;
  18   2                      P2 &= 0x1F;
  19   2                      P2 |= 0xA0;
  20   2                      P2 &= 0x1F;
  21   2                      last_relay=enable;
  22   2              }
  23   1      }


MODULE INFORMATION:   STATIC OVERLAYABLE
   CODE SIZE        =     33    ----
   CONSTANT SIZE    =   ----    ----
   XDATA SIZE       =   ----    ----
   PDATA SIZE       =   ----    ----
   DATA SIZE        =   ----    ----
   IDATA SIZE       =   ----    ----
   BIT SIZE         =      1       1
END OF MODULE INFORMATION.


C51 COMPILATION COMPLETE.  0 WARNING(S),  0 ERROR(S)
