C51 COMPILER V9.59.0.0   SUPERWAVE                                                         04/13/2025 12:47:47 PAGE 1   


C51 COMPILER V9.59.0.0, COMPILATION OF MODULE SUPERWAVE
OBJECT MODULE PLACED IN .\Objects\superwave.obj
COMPILER INVOKED BY: D:\Desktop\LanqiaoCup\DP2025_SCM\Tools\KeilC51\C51\BIN\C51.EXE ..\Driver\superwave.c OPTIMIZE(8,SPE
                    -ED) BROWSE INCDIR(..\Driver) DEBUG OBJECTEXTEND PRINT(.\Listings\superwave.lst) OBJECT(.\Objects\superwave.obj)

line level    source

   1          #include <STC15F2K60S2.H>
   2          #include "intrins.h"
   3          #include "superwave.h"
   4          
   5          sbit NA1=P1^0;
   6          sbit NB1=P1^1;
   7          
   8          void Delay12us(void)    //@12.000MHz
   9          {
  10   1              unsigned char data i;
  11   1      
  12   1              _nop_();
  13   1              _nop_();
  14   1              i = 33;
  15   1              while (--i);
  16   1      }
  17          
  18          void wave_init()
  19          {
  20   1              unsigned char i;
  21   1              for(i=0;i<1;i++)
  22   1              {
  23   2                      NA1=1;
  24   2                      Delay12us();
  25   2                      NA1=0;
  26   2                      Delay12us();
  27   2              }
  28   1      }
  29          
  30          float get_distance()
  31          {
  32   1              unsigned int time;
  33   1              float distance;
  34   1              AUXR &= 0xBF;                   //定时器时钟12T模式
  35   1              //TMOD |= 0x10;                 //设置定时器模式
  36   1              TL1 = 0;                                //设置定时初始值
  37   1              TH1 = 0;                                //设置定时初始值
  38   1              TF1 = 0;                                //清除TF1标志
  39   1              
  40   1              EA=0;
  41   1              wave_init();
  42   1              TR1 = 1;                                //定时器1开始计时
  43   1              while(TF1==0 && NB1==1);
  44   1              TR1=0;
  45   1              if(TF1==0)
  46   1              {
  47   2                      time=((TH1<<8) | TL1);
  48   2                      EA=1;
  49   2                      distance=((float)time)*0.017;
  50   2                      return distance;
  51   2              }
  52   1              else
  53   1              {
  54   2                      TF1=0;
C51 COMPILER V9.59.0.0   SUPERWAVE                                                         04/13/2025 12:47:47 PAGE 2   

  55   2                      EA=1;
  56   2                      return 0;
  57   2              }
  58   1      
  59   1      }


MODULE INFORMATION:   STATIC OVERLAYABLE
   CODE SIZE        =     98    ----
   CONSTANT SIZE    =   ----    ----
   XDATA SIZE       =   ----    ----
   PDATA SIZE       =   ----    ----
   DATA SIZE        =   ----    ----
   IDATA SIZE       =   ----    ----
   BIT SIZE         =   ----    ----
END OF MODULE INFORMATION.


C51 COMPILATION COMPLETE.  0 WARNING(S),  0 ERROR(S)
