C51 COMPILER V9.59.0.0   MAIN                                                              04/09/2025 16:37:30 PAGE 1   


C51 COMPILER V9.59.0.0, COMPILATION OF MODULE MAIN
OBJECT MODULE PLACED IN .\Objects\main.obj
COMPILER INVOKED BY: D:\Desktop\LanqiaoCup\DP2025_SCM\Tools\KeilC51\C51\BIN\C51.EXE main.c OPTIMIZE(8,SPEED) BROWSE INCD
                    -IR(..\Driver) DEBUG OBJECTEXTEND PRINT(.\Listings\main.lst) OBJECT(.\Objects\main.obj)

line level    source

   1          #include <STC15F2K60S2.H>
   2          #include "Seg.h"
   3          #include "init.h"
   4          #include "ds1302.h"
   5          
   6          unsigned char Seg_buf[]={10,10,11,10,10,11,10,10};
   7          unsigned char Seg_index=0;
   8          unsigned char Seg_slow=0;
   9          unsigned int DS1302_slow=0;
  10          unsigned char time[]={23,59,59};
  11          
  12          void Seg_proc()
  13          {
  14   1              if(Seg_slow==2)
  15   1              {
  16   2                      Seg_slow=0;
  17   2                      Seg_index++;
  18   2                      if(Seg_index==8)
  19   2                              Seg_index=0;
  20   2                      Seg_show(Seg_index,Seg_buf[Seg_index]);
  21   2              }
  22   1      }
  23          
  24          void Other_proc()
  25          {
  26   1              if(DS1302_slow==500)
  27   1              {
  28   2                      DS1302_slow=0;
  29   2                      DS1302_Get_time(time);
  30   2                      Seg_buf[0]=time[0]/10;
  31   2                      Seg_buf[1]=time[0]%10;
  32   2                      Seg_buf[3]=time[1]/10;
  33   2                      Seg_buf[4]=time[1]%10;
  34   2                      Seg_buf[6]=time[2]/10;
  35   2                      Seg_buf[7]=time[2]%10;
  36   2              }
  37   1      }
  38          
  39          void Timer0_Routine() interrupt 1
  40          {
  41   1              Seg_slow++;
  42   1              DS1302_slow++;
  43   1      }
  44          
  45          void main()
  46          {
  47   1              System_Init();
  48   1              Timer0_Init();
  49   1              //DS1302_Write_time(time);
  50   1              while(1)
  51   1              {
  52   2                      Seg_proc();
  53   2                      Other_proc();
  54   2              }
C51 COMPILER V9.59.0.0   MAIN                                                              04/09/2025 16:37:30 PAGE 2   

  55   1      }


MODULE INFORMATION:   STATIC OVERLAYABLE
   CODE SIZE        =    136    ----
   CONSTANT SIZE    =   ----    ----
   XDATA SIZE       =   ----    ----
   PDATA SIZE       =   ----    ----
   DATA SIZE        =     15    ----
   IDATA SIZE       =   ----    ----
   BIT SIZE         =   ----    ----
END OF MODULE INFORMATION.


C51 COMPILATION COMPLETE.  0 WARNING(S),  0 ERROR(S)
