C51 COMPILER V9.59.0.0   INIT                                                              04/12/2025 21:06:03 PAGE 1   


C51 COMPILER V9.59.0.0, COMPILATION OF MODULE INIT
OBJECT MODULE PLACED IN .\Objects\Init.obj
COMPILER INVOKED BY: D:\Desktop\LanqiaoCup\DP2025_SCM\Tools\KeilC51\C51\BIN\C51.EXE ..\Driver\Init.c OPTIMIZE(8,SPEED) B
                    -ROWSE INCDIR(..\Driver) DEBUG OBJECTEXTEND PRINT(.\Listings\Init.lst) OBJECT(.\Objects\Init.obj)

line level    source

   1          #include <STC15F2K60S2.H>
   2          #include "Init.h"
   3          
   4          void System_Init()
   5          {
   6   1              P0=0xFF;
   7   1              P2 &= 0x1F;
   8   1              P2 |= 0x80;
   9   1              P2 &= 0x1F;
  10   1              
  11   1              P0=0x00;
  12   1              P2 &= 0x1F;
  13   1              P2 |= 0xA0;
  14   1              P2 &= 0x1F;
  15   1      }
  16          
  17          void Timer0_Init(void)          //1毫秒@12.000MHz
  18          {
  19   1              AUXR &= 0x7F;                   //定时器时钟12T模式
  20   1              TMOD &= 0xF0;                   //设置定时器模式
  21   1              TL0 = 0x18;                             //设置定时初始值
  22   1              TH0 = 0xFC;                             //设置定时初始值
  23   1              TF0 = 0;                                //清除TF0标志
  24   1              TR0 = 1;                                //定时器0开始计时
  25   1              EA=1;
  26   1              ET0=1;
  27   1      }


MODULE INFORMATION:   STATIC OVERLAYABLE
   CODE SIZE        =     46    ----
   CONSTANT SIZE    =   ----    ----
   XDATA SIZE       =   ----    ----
   PDATA SIZE       =   ----    ----
   DATA SIZE        =   ----    ----
   IDATA SIZE       =   ----    ----
   BIT SIZE         =   ----    ----
END OF MODULE INFORMATION.


C51 COMPILATION COMPLETE.  0 WARNING(S),  0 ERROR(S)
