C51 COMPILER V9.59.0.0   MAIN                                                              04/12/2025 21:31:26 PAGE 1   


C51 COMPILER V9.59.0.0, COMPILATION OF MODULE MAIN
OBJECT MODULE PLACED IN .\Objects\main.obj
COMPILER INVOKED BY: D:\Desktop\LanqiaoCup\DP2025_SCM\Tools\KeilC51\C51\BIN\C51.EXE main.c OPTIMIZE(8,SPEED) BROWSE INCD
                    -IR(..\Driver) DEBUG OBJECTEXTEND PRINT(.\Listings\main.lst) OBJECT(.\Objects\main.obj)

line level    source

   1          #include <STC15F2K60S2.H>
   2          #include "Seg.h"
   3          #include "Uart.h"
   4          #include "Init.h"
   5          
   6          unsigned char chara;
   7          unsigned char* Seg_buf[]={10,10,10,10,10,10,10,10};
   8          unsigned char Seg_index=0;
   9          unsigned char Seg_counter=0;
  10          unsigned char chara_counter=0;
  11          bit flag=0;
  12          
  13          void Seg_proc()
  14          {
  15   1              if(Seg_counter>=2)
  16   1              {
  17   2                      Seg_counter=0;
  18   2                      Seg_index++;
  19   2                      if(Seg_index==8)
  20   2                              Seg_index=0;
  21   2                      Seg_show(Seg_index,Seg_buf[Seg_index]);
*** WARNING C214 IN LINE 21 OF main.c: 'Argument': conversion: pointer to non-pointer
  22   2              }
  23   1      }
  24          
  25          void Other_proc()
  26          {
  27   1              if(chara_counter>=50)
  28   1              {
  29   2                      chara_counter=0;
  30   2                      if(flag==1)
  31   2                      {
  32   3                              if(chara=='A')
  33   3                                      Seg_buf[7]=11;
  34   3                              else
  35   3                                      Seg_buf[7]=12;
  36   3                      }
  37   2              }
  38   1      }
  39          
  40          void Timer0_Rountine() interrupt 1
  41          {
  42   1              Seg_counter++;
  43   1              chara_counter++;
  44   1      }
  45          
  46          void Uart1_Routine() interrupt 4
  47          {
  48   1              if(RI==1)
  49   1              {
  50   2                      flag=1;
  51   2                      chara=SBUF;
  52   2                      RI=0;
  53   2              }
C51 COMPILER V9.59.0.0   MAIN                                                              04/12/2025 21:31:26 PAGE 2   

  54   1      }
  55          
  56          void main()
  57          {
  58   1              System_Init();
  59   1              Timer0_Init();
  60   1              Uart1_Init();
  61   1              while(1)
  62   1              {
  63   2                      Seg_proc();
  64   2                      Other_proc();
  65   2              }
  66   1      }


MODULE INFORMATION:   STATIC OVERLAYABLE
   CODE SIZE        =    118    ----
   CONSTANT SIZE    =   ----    ----
   XDATA SIZE       =   ----    ----
   PDATA SIZE       =   ----    ----
   DATA SIZE        =     28    ----
   IDATA SIZE       =   ----    ----
   BIT SIZE         =      1    ----
END OF MODULE INFORMATION.


C51 COMPILATION COMPLETE.  1 WARNING(S),  0 ERROR(S)
