C51 COMPILER V9.59.0.0   UART                                                              04/12/2025 21:15:46 PAGE 1   


C51 COMPILER V9.59.0.0, COMPILATION OF MODULE UART
OBJECT MODULE PLACED IN .\Objects\Uart.obj
COMPILER INVOKED BY: D:\Desktop\LanqiaoCup\DP2025_SCM\Tools\KeilC51\C51\BIN\C51.EXE ..\Driver\Uart.c OPTIMIZE(8,SPEED) B
                    -ROWSE INCDIR(..\Driver) DEBUG OBJECTEXTEND PRINT(.\Listings\Uart.lst) OBJECT(.\Objects\Uart.obj)

line level    source

   1          #include <STC15F2K60S2.H>
   2          #include "Uart.h"
   3          
   4          void Uart1_Init(void)   //9600bps@12.000MHz
   5          {
   6   1              SCON = 0x50;            //8位数据,可变波特率
   7   1              AUXR |= 0x01;           //串口1选择定时器2为波特率发生器
   8   1              AUXR &= 0xFB;           //定时器时钟12T模式
   9   1              T2L = 0xE6;                     //设置定时初始值
  10   1              T2H = 0xFF;                     //设置定时初始值
  11   1              AUXR |= 0x10;           //定时器2开始计时
  12   1              ES=1;
  13   1              EA=1;
  14   1      }
  15          
  16          void sendByte(unsigned char val)
  17          {
  18   1              SBUF=val;
  19   1              while(TI==0);
  20   1              TI=0;
  21   1      }


MODULE INFORMATION:   STATIC OVERLAYABLE
   CODE SIZE        =     31    ----
   CONSTANT SIZE    =   ----    ----
   XDATA SIZE       =   ----    ----
   PDATA SIZE       =   ----    ----
   DATA SIZE        =   ----    ----
   IDATA SIZE       =   ----    ----
   BIT SIZE         =   ----    ----
END OF MODULE INFORMATION.


C51 COMPILATION COMPLETE.  0 WARNING(S),  0 ERROR(S)
